::1 - - [30/Jun/2023:15:18:06 +0000] "GET /blogs HTTP/1.1" 200 26 "-" "PostmanRuntime/7.32.2"
::1 - - [30/Jun/2023:15:18:10 +0000] "POST /blogs HTTP/1.1" 200 113 "-" "PostmanRuntime/7.32.2"
::1 - - [30/Jun/2023:15:18:14 +0000] "GET /blogs HTTP/1.1" 200 113 "-" "PostmanRuntime/7.32.2"
::1 - - [30/Jun/2023:15:19:34 +0000] "PUT /blogs HTTP/1.1" 500 45 "-" "PostmanRuntime/7.32.2"
::1 - - [30/Jun/2023:15:20:04 +0000] "PUT /blogs/d0e1bb28-f720-4b87-ae30-c1e0b01560ac HTTP/1.1" 200 117 "-" "PostmanRuntime/7.32.2"
::1 - - [30/Jun/2023:15:20:11 +0000] "GET /blogs HTTP/1.1" 200 117 "-" "PostmanRuntime/7.32.2"
::1 - - [30/Jun/2023:15:20:35 +0000] "POST /blogs/d0e1bb28-f720-4b87-ae30-c1e0b01560ac/tags HTTP/1.1" 500 82 "-" "PostmanRuntime/7.32.2"
::1 - - [30/Jun/2023:15:20:58 +0000] "GET /blogs HTTP/1.1" 200 117 "-" "PostmanRuntime/7.32.2"
::1 - - [30/Jun/2023:15:21:15 +0000] "GET /blogs/d0e1bb28-f720-4b87-ae30-c1e0b01560ac/tags HTTP/1.1" 200 16 "-" "PostmanRuntime/7.32.2"
::1 - - [30/Jun/2023:15:21:24 +0000] "GET /blogs/1da99366-dc74-4d67-a4a4-1f16d4bde27f/tags/db2cd460-0b49-4824-8528-9b719dedcdb2 HTTP/1.1" 500 107 "-" "PostmanRuntime/7.32.2"
::1 - - [30/Jun/2023:15:21:45 +0000] "POST /blogs/d0e1bb28-f720-4b87-ae30-c1e0b01560ac/tags HTTP/1.1" 500 82 "-" "PostmanRuntime/7.32.2"
::1 - - [30/Jun/2023:15:22:00 +0000] "GET /blogs HTTP/1.1" 200 117 "-" "PostmanRuntime/7.32.2"
::1 - - [30/Jun/2023:15:22:16 +0000] "POST /blogs/d0e1bb28-f720-4b87-ae30-c1e0b01560ac/tags HTTP/1.1" 500 82 "-" "PostmanRuntime/7.32.2"
::1 - - [30/Jun/2023:15:24:19 +0000] "GET /blogs HTTP/1.1" 200 26 "-" "PostmanRuntime/7.32.2"
::1 - - [30/Jun/2023:15:24:22 +0000] "POST /blogs HTTP/1.1" 200 113 "-" "PostmanRuntime/7.32.2"
::1 - - [30/Jun/2023:15:24:26 +0000] "GET /blogs HTTP/1.1" 200 113 "-" "PostmanRuntime/7.32.2"
::1 - - [30/Jun/2023:15:24:47 +0000] "POST /blogs/3d806550-aab4-4574-9288-aff51e54f835/tags HTTP/1.1" 200 172 "-" "PostmanRuntime/7.32.2"
::1 - - [30/Jun/2023:15:24:55 +0000] "GET /blogs HTTP/1.1" 200 172 "-" "PostmanRuntime/7.32.2"
::1 - - [30/Jun/2023:15:25:33 +0000] "PUT /blogs/3d806550-aab4-4574-9288-aff51e54f835 HTTP/1.1" 200 117 "-" "PostmanRuntime/7.32.2"
::1 - - [30/Jun/2023:15:25:46 +0000] "GET /blogs HTTP/1.1" 200 117 "-" "PostmanRuntime/7.32.2"
::1 - - [30/Jun/2023:15:30:46 +0000] "GET /blogs HTTP/1.1" 200 26 "-" "PostmanRuntime/7.32.2"
::1 - - [30/Jun/2023:15:30:51 +0000] "POST /blogs HTTP/1.1" 200 113 "-" "PostmanRuntime/7.32.2"
::1 - - [30/Jun/2023:15:31:09 +0000] "PUT /blogs/ab674d1f-dbb6-4458-b8b8-8d136efec9ac HTTP/1.1" 200 117 "-" "PostmanRuntime/7.32.2"
::1 - - [30/Jun/2023:15:31:19 +0000] "GET /blogs HTTP/1.1" 200 117 "-" "PostmanRuntime/7.32.2"
::1 - - [30/Jun/2023:15:31:43 +0000] "POST /blogs HTTP/1.1" 200 206 "-" "PostmanRuntime/7.32.2"
::1 - - [30/Jun/2023:15:32:39 +0000] "GET /blogs HTTP/1.1" 200 26 "-" "PostmanRuntime/7.32.2"
::1 - - [30/Jun/2023:15:32:43 +0000] "POST /blogs HTTP/1.1" 200 114 "-" "PostmanRuntime/7.32.2"
::1 - - [30/Jun/2023:15:32:52 +0000] "GET /blogs HTTP/1.1" 200 114 "-" "PostmanRuntime/7.32.2"
::1 - - [30/Jun/2023:15:33:08 +0000] "PUT /blogs/658d3cbd-e217-4bc1-91d5-ba65e855a769 HTTP/1.1" 500 84 "-" "PostmanRuntime/7.32.2"
::1 - - [30/Jun/2023:15:33:10 +0000] "PUT /blogs/658d3cbd-e217-4bc1-91d5-ba65e855a769 HTTP/1.1" 500 84 "-" "PostmanRuntime/7.32.2"
::1 - - [30/Jun/2023:15:33:50 +0000] "GET /blogs HTTP/1.1" 200 26 "-" "PostmanRuntime/7.32.2"
::1 - - [30/Jun/2023:15:33:54 +0000] "POST /blogs HTTP/1.1" 200 114 "-" "PostmanRuntime/7.32.2"
::1 - - [30/Jun/2023:15:34:05 +0000] "GET /blogs HTTP/1.1" 200 114 "-" "PostmanRuntime/7.32.2"
::1 - - [30/Jun/2023:15:34:20 +0000] "PUT /blogs/a8f8640e-b9e5-4ed3-a512-8b96240b221b HTTP/1.1" 500 84 "-" "PostmanRuntime/7.32.2"
::1 - - [30/Jun/2023:15:36:42 +0000] "GET /blogs HTTP/1.1" 200 26 "-" "PostmanRuntime/7.32.2"
::1 - - [30/Jun/2023:15:36:46 +0000] "POST /blogs HTTP/1.1" 200 114 "-" "PostmanRuntime/7.32.2"
::1 - - [30/Jun/2023:15:38:38 +0000] "GET /blogs HTTP/1.1" 200 26 "-" "PostmanRuntime/7.32.2"
::1 - - [30/Jun/2023:15:38:42 +0000] "POST /blogs HTTP/1.1" 200 114 "-" "PostmanRuntime/7.32.2"
::1 - - [30/Jun/2023:15:39:00 +0000] "PUT /blogs/a783ff3d-2fb3-4984-8da3-f34216053214 HTTP/1.1" 200 127 "-" "PostmanRuntime/7.32.2"
::1 - - [30/Jun/2023:15:39:06 +0000] "GET /blogs HTTP/1.1" 200 127 "-" "PostmanRuntime/7.32.2"
::1 - - [30/Jun/2023:15:39:26 +0000] "POST /blogs/a783ff3d-2fb3-4984-8da3-f34216053214/tags HTTP/1.1" 200 186 "-" "PostmanRuntime/7.32.2"
::1 - - [30/Jun/2023:15:39:37 +0000] "GET /blogs/a783ff3d-2fb3-4984-8da3-f34216053214/tags HTTP/1.1" 200 85 "-" "PostmanRuntime/7.32.2"
::1 - - [30/Jun/2023:15:40:05 +0000] "PUT /blogs/a783ff3d-2fb3-4984-8da3-f34216053214 HTTP/1.1" 200 186 "-" "PostmanRuntime/7.32.2"
::1 - - [30/Jun/2023:15:40:11 +0000] "GET /blogs HTTP/1.1" 200 186 "-" "PostmanRuntime/7.32.2"
::1 - - [30/Jun/2023:15:42:25 +0000] "GET /blogs HTTP/1.1" 200 26 "-" "PostmanRuntime/7.32.2"
::1 - - [30/Jun/2023:15:42:32 +0000] "POST /blogs HTTP/1.1" 200 114 "-" "PostmanRuntime/7.32.2"
::1 - - [30/Jun/2023:15:42:45 +0000] "POST /blogs/864d6f6c-0be8-4177-9cb3-b32b736197ab/tags HTTP/1.1" 200 173 "-" "PostmanRuntime/7.32.2"
::1 - - [30/Jun/2023:15:42:55 +0000] "GET /blogs/864d6f6c-0be8-4177-9cb3-b32b736197ab/tags HTTP/1.1" 200 85 "-" "PostmanRuntime/7.32.2"
::1 - - [30/Jun/2023:15:43:12 +0000] "PUT /blogs/864d6f6c-0be8-4177-9cb3-b32b736197ab HTTP/1.1" 200 186 "-" "PostmanRuntime/7.32.2"
::1 - - [30/Jun/2023:15:43:18 +0000] "GET /blogs HTTP/1.1" 200 186 "-" "PostmanRuntime/7.32.2"
::1 - - [30/Jun/2023:21:17:31 +0000] "POST /upload HTTP/1.1" 500 45 "-" "PostmanRuntime/7.32.2"
::1 - - [30/Jun/2023:21:17:38 +0000] "GET /blogs HTTP/1.1" 200 26 "-" "PostmanRuntime/7.32.2"
::1 - - [30/Jun/2023:21:17:44 +0000] "POST /blogs HTTP/1.1" 200 114 "-" "PostmanRuntime/7.32.2"
::1 - - [30/Jun/2023:21:17:49 +0000] "GET /blogs HTTP/1.1" 200 114 "-" "PostmanRuntime/7.32.2"
::1 - - [30/Jun/2023:21:18:38 +0000] "POST /blogs/5ebe47ad-3b78-407a-a88b-ea99c216dbf4/pictures HTTP/1.1" 500 46 "-" "PostmanRuntime/7.32.2"
::1 - - [30/Jun/2023:21:18:50 +0000] "POST /blogs/5ebe47ad-3b78-407a-a88b-ea99c216dbf4/pictures HTTP/1.1" 500 46 "-" "PostmanRuntime/7.32.2"
::1 - - [30/Jun/2023:21:19:57 +0000] "POST /blogs/5ebe47ad-3b78-407a-a88b-ea99c216dbf4/pictures HTTP/1.1" 500 46 "-" "PostmanRuntime/7.32.2"
::1 - - [30/Jun/2023:21:32:48 +0000] "POST /blogs/5ebe47ad-3b78-407a-a88b-ea99c216dbf4/pictures HTTP/1.1" 500 46 "-" "PostmanRuntime/7.32.2"
::1 - - [30/Jun/2023:21:34:13 +0000] "POST /blogs/5ebe47ad-3b78-407a-a88b-ea99c216dbf4/pictures HTTP/1.1" 200 118 "-" "PostmanRuntime/7.32.2"
::1 - - [30/Jun/2023:21:36:53 +0000] "GET /blogs HTTP/1.1" 200 26 "-" "PostmanRuntime/7.32.2"
::1 - - [30/Jun/2023:21:36:57 +0000] "POST /blogs HTTP/1.1" 200 114 "-" "PostmanRuntime/7.32.2"
::1 - - [30/Jun/2023:21:37:45 +0000] "POST /blogs/24f0a9b0-ef92-4ec6-b805-3469e3f41152/pictures HTTP/1.1" 200 118 "-" "PostmanRuntime/7.32.2"
::1 - - [30/Jun/2023:21:38:09 +0000] "GET /blogs/24f0a9b0-ef92-4ec6-b805-3469e3f41152/pictures/bc1d6d31-81fe-4526-91e5-fb0356eaa3cf HTTP/1.1" 200 1028483 "-" "PostmanRuntime/7.32.2"
::1 - - [30/Jun/2023:21:40:42 +0000] "GET /blogs/24f0a9b0-ef92-4ec6-b805-3469e3f41152/pictures/bc1d6d31-81fe-4526-91e5-fb0356eaa3cf/v3/downloads/images/:id?auto_download=%3C%3E&file_type=%3C%3E&height=%3Cget%3E&product_id=%3Cget%3E&product_type=%3Cget%3E HTTP/1.1" 500 45 "-" "PostmanRuntime/7.32.2"
::1 - - [30/Jun/2023:21:41:02 +0000] "GET /blogs/24f0a9b0-ef92-4ec6-b805-3469e3f41152/pictures/bc1d6d31-81fe-4526-91e5-fb0356eaa3cf HTTP/1.1" 200 1028483 "-" "PostmanRuntime/7.32.2"
::1 - - [30/Jun/2023:21:46:36 +0000] "GET /blogs/24f0a9b0-ef92-4ec6-b805-3469e3f41152/pictures/bc1d6d31-81fe-4526-91e5-fb0356eaa3cf HTTP/1.1" 500 44 "-" "PostmanRuntime/7.32.2"
::1 - - [30/Jun/2023:21:46:50 +0000] "GET /blogs HTTP/1.1" 200 26 "-" "PostmanRuntime/7.32.2"
::1 - - [30/Jun/2023:21:46:53 +0000] "POST /blogs HTTP/1.1" 200 114 "-" "PostmanRuntime/7.32.2"
::1 - - [30/Jun/2023:21:47:17 +0000] "POST /blogs/71999db5-6c93-493f-81bd-1f28eccd8d3c/pictures HTTP/1.1" 200 118 "-" "PostmanRuntime/7.32.2"
::1 - - [30/Jun/2023:21:47:36 +0000] "GET /blogs/24f0a9b0-ef92-4ec6-b805-3469e3f41152/pictures/b597b0ed-0259-4a06-a658-82dbb5a8b77a HTTP/1.1" 500 44 "-" "PostmanRuntime/7.32.2"
::1 - - [30/Jun/2023:21:47:45 +0000] "GET /blogs HTTP/1.1" 200 220 "-" "PostmanRuntime/7.32.2"
::1 - - [30/Jun/2023:21:48:01 +0000] "GET /blogs/71999db5-6c93-493f-81bd-1f28eccd8d3c/pictures/b597b0ed-0259-4a06-a658-82dbb5a8b77a HTTP/1.1" 200 1028483 "-" "PostmanRuntime/7.32.2"
::1 - - [30/Jun/2023:21:49:00 +0000] "GET /blogs/71999db5-6c93-493f-81bd-1f28eccd8d3c/pictures/b597b0ed-0259-4a06-a658-82dbb5a8b77a HTTP/1.1" 200 1028483 "-" "Mozilla/5.0 (Macintosh; Intel Mac OS X 10_15_7) AppleWebKit/537.36 (KHTML, like Gecko) Chrome/114.0.0.0 Safari/537.36"
